This file contains any messages produced by compilers while
running configure, to aid debugging if configure makes a mistake.

It was created by wayland configure 0.95.0, which was
generated by GNU Autoconf 2.69.  Invocation command line was

  $ ../configure --prefix=/usr

## --------- ##
## Platform. ##
## --------- ##

hostname = DESKTOP-S1J5M6R
uname -m = x86_64
uname -r = 4.4.0-19041-Microsoft
uname -s = Linux
uname -v = #488-Microsoft Mon Sep 01 13:43:00 PST 2020

/usr/bin/uname -p = x86_64
/bin/uname -X     = unknown

/bin/arch              = x86_64
/usr/bin/arch -k       = unknown
/usr/convex/getsysinfo = unknown
/usr/bin/hostinfo      = unknown
/bin/machine           = unknown
/usr/bin/oslevel       = unknown
/bin/universe          = unknown

PATH: /home/yh/.mozbuild/arcanist/bin
PATH: /home/yh/.mozbuild/moz-phab
PATH: /home/yh/.local/bin
PATH: /home/yh/.cargo/bin
PATH: /usr/lib/x86_64-linux-gnu
PATH: /usr/include/x86_64-linux-gnu
PATH: /usr/local/sbin
PATH: /usr/local/bin
PATH: /usr/sbin
PATH: /usr/bin
PATH: /sbin
PATH: /bin
PATH: /usr/games
PATH: /usr/local/games
PATH: /mnt/c/Program Files (x86)/Common Files/Oracle/Java/javapath
PATH: /mnt/c/Program Files (x86)/Common Files/Intel/Shared Libraries/redist/intel64_win/compiler
PATH: /mnt/d/VulkanSDK/1.2.141.0/Bin
PATH: /mnt/d/Program Files (x86)/IntelSWTools/compilers_and_libraries_2020.1.216/windows/mpi/intel64/bin
PATH: /mnt/c/Program Files (x86)/Common Files/Intel/Shared Libraries/redist/intel64_win/mpirt
PATH: /mnt/c/Program Files (x86)/Common Files/Intel/Shared Libraries/redist/ia32_win/mpirt
PATH: /mnt/c/Program Files (x86)/Common Files/Intel/Shared Libraries/redist/intel64_win/compiler
PATH: /mnt/c/Program Files (x86)/Common Files/Intel/Shared Libraries/redist/ia32_win/compiler
PATH: /mnt/c/Anaconda3
PATH: /mnt/c/Anaconda3/Library/mingw-w64/bin
PATH: /mnt/c/Anaconda3/Library/usr/bin
PATH: /mnt/c/Anaconda3/Library/bin
PATH: /mnt/c/Anaconda3/Scripts
PATH: /mnt/c/Perl64/site/bin
PATH: /mnt/c/Perl64/bin
PATH: /mnt/c/Program Files (x86)/Intel/Intel(R) Management Engine Components/iCLS/
PATH: /mnt/c/Program Files/Intel/Intel(R) Management Engine Components/iCLS/
PATH: /mnt/c/Program Files (x86)/Intel/Intel(R) Management Engine Components/DAL
PATH: /mnt/c/Program Files/Intel/Intel(R) Management Engine Components/DAL
PATH: /mnt/c/Program Files (x86)/Intel/Intel(R) Management Engine Components/IPT
PATH: /mnt/c/Program Files/Intel/Intel(R) Management Engine Components/IPT
PATH: /mnt/c/Program Files/Git/cmd
PATH: /mnt/c/WINDOWS/system32
PATH: /mnt/c/WINDOWS
PATH: /mnt/c/WINDOWS/System32/WindowsPowerShell/v1.0/
PATH: /mnt/c/WINDOWS/System32/OpenSSH/
PATH: /mnt/c/Program Files (x86)/nodejs/
PATH: /mnt/c/Program Files/dotnet/
PATH: /mnt/c/Program Files (x86)/dotnet/
PATH: /mnt/c/Program Files/Microsoft SQL Server/110/DTS/Binn/
PATH: /mnt/c/Program Files (x86)/Microsoft SQL Server/110/Tools/Binn/
PATH: /mnt/c/Program Files/Microsoft SQL Server/110/Tools/Binn/
PATH: /mnt/c/Program Files (x86)/Microsoft SQL Server/110/Tools/Binn/ManagementStudio/
PATH: /mnt/c/Program Files (x86)/Microsoft Visual Studio 10.0/Common7/IDE/PrivateAssemblies/
PATH: /mnt/c/Program Files (x86)/Microsoft SQL Server/110/DTS/Binn/
PATH: /mnt/c/Program Files/Microsoft DNX/Dnvm/
PATH: /mnt/c/Program Files/Microsoft Windows Performance Toolkit/
PATH: /mnt/c/Program Files/doxygen/bin
PATH: /mnt/c/Program Files (x86)/Graphviz2.38/bin
PATH: /mnt/c/Program Files/Intel/WiFi/bin/
PATH: /mnt/c/Program Files/Common Files/Intel/WirelessCommon/
PATH: /mnt/c/Program Files/PuTTY/
PATH: /mnt/c/Program Files (x86)/Microsoft Emulator Manager/1.0/
PATH: /mnt/c/Program Files (x86)/Windows Kits/10/Windows Performance Toolkit/
PATH: /mnt/c/Program Files (x86)/Windows Kits/8.1/Windows Performance Toolkit/
PATH: /mnt/c/Users/test/.dnx/bin
PATH: /mnt/c/Program Files/Microsoft SQL Server/120/Tools/Binn/
PATH: /mnt/c/Program Files/NVIDIA GPU Computing Toolkit/CUDA/v9.0/bin
PATH: /mnt/c/WINDOWS/System32/Wbem
PATH: /mnt/c/Program Files/Microsoft SQL Server/130/Tools/Binn/
PATH: /mnt/c/Program Files (x86)/IncrediBuild
PATH: /mnt/c/Strawberry/c/bin
PATH: /mnt/c/Strawberry/perl/site/bin
PATH: /mnt/c/Strawberry/perl/bin
PATH: /mnt/c/Program Files/NVIDIA Corporation/Nsight Compute 2020.1.1/
PATH: /mnt/c/Program Files (x86)/NVIDIA Corporation/PhysX/Common
PATH: /mnt/c/Program Files/NVIDIA Corporation/NVIDIA NvDLISR
PATH: /mnt/c/Program Files/Microsoft VS Code/bin
PATH: /mnt/c/Windows/system32
PATH: /mnt/c/Windows
PATH: /mnt/c/Windows/System32/Wbem
PATH: /mnt/c/Windows/System32/WindowsPowerShell/v1.0/
PATH: /mnt/c/Windows/System32/OpenSSH/
PATH: /mnt/c/Program Files (x86)/Tesseract-OCR
PATH: /mnt/c/Ruby24-x64/bin
PATH: /mnt/c/Users/test/AppData/Local/Microsoft/WindowsApps
PATH: /mnt/c/Users/test/AppData/Roaming/npm
PATH: /mnt/c/Users/test/.dotnet/tools
PATH: /mnt/c/Users/test/xmake
PATH: /mnt/c/Program Files/NVIDIA GPU Computing Toolkit/CUDA/v11.0/bin
PATH: /mnt/c/Program Files/CMake/bin
PATH: /mnt/c/Users/test/AppData/Local/GitHubDesktop/bin
PATH: /snap/bin


## ----------- ##
## Core tests. ##
## ----------- ##

configure:2321: checking for a BSD-compatible install
configure:2389: result: /usr/bin/install -c
configure:2400: checking whether build environment is sane
configure:2455: result: yes
configure:2604: checking for a thread-safe mkdir -p
configure:2643: result: /usr/bin/mkdir -p
configure:2650: checking for gawk
configure:2666: found /usr/bin/gawk
configure:2677: result: gawk
configure:2688: checking whether make sets $(MAKE)
configure:2710: result: yes
configure:2739: checking whether make supports nested variables
configure:2756: result: yes
configure:2894: checking whether make supports nested variables
configure:2911: result: yes
configure:2972: checking for gcc
configure:2988: found /usr/bin/gcc
configure:2999: result: gcc
configure:3228: checking for C compiler version
configure:3237: gcc --version >&5
gcc (Ubuntu 9.3.0-17ubuntu1~20.04) 9.3.0
Copyright (C) 2019 Free Software Foundation, Inc.
This is free software; see the source for copying conditions.  There is NO
warranty; not even for MERCHANTABILITY or FITNESS FOR A PARTICULAR PURPOSE.

configure:3248: $? = 0
configure:3237: gcc -v >&5
Using built-in specs.
COLLECT_GCC=gcc
COLLECT_LTO_WRAPPER=/usr/lib/gcc/x86_64-linux-gnu/9/lto-wrapper
OFFLOAD_TARGET_NAMES=nvptx-none:hsa
OFFLOAD_TARGET_DEFAULT=1
Target: x86_64-linux-gnu
Configured with: ../src/configure -v --with-pkgversion='Ubuntu 9.3.0-17ubuntu1~20.04' --with-bugurl=file:///usr/share/doc/gcc-9/README.Bugs --enable-languages=c,ada,c++,go,brig,d,fortran,objc,obj-c++,gm2 --prefix=/usr --with-gcc-major-version-only --program-suffix=-9 --program-prefix=x86_64-linux-gnu- --enable-shared --enable-linker-build-id --libexecdir=/usr/lib --without-included-gettext --enable-threads=posix --libdir=/usr/lib --enable-nls --enable-clocale=gnu --enable-libstdcxx-debug --enable-libstdcxx-time=yes --with-default-libstdcxx-abi=new --enable-gnu-unique-object --disable-vtable-verify --enable-plugin --enable-default-pie --with-system-zlib --with-target-system-zlib=auto --enable-objc-gc=auto --enable-multiarch --disable-werror --with-arch-32=i686 --with-abi=m64 --with-multilib-list=m32,m64,mx32 --enable-multilib --with-tune=generic --enable-offload-targets=nvptx-none=/build/gcc-9-HskZEa/gcc-9-9.3.0/debian/tmp-nvptx/usr,hsa --without-cuda-driver --enable-checking=release --build=x86_64-linux-gnu --host=x86_64-linux-gnu --target=x86_64-linux-gnu
Thread model: posix
gcc version 9.3.0 (Ubuntu 9.3.0-17ubuntu1~20.04) 
configure:3248: $? = 0
configure:3237: gcc -V >&5
gcc: error: unrecognized command line option '-V'
gcc: fatal error: no input files
compilation terminated.
configure:3248: $? = 1
configure:3237: gcc -qversion >&5
gcc: error: unrecognized command line option '-qversion'; did you mean '--version'?
gcc: fatal error: no input files
compilation terminated.
configure:3248: $? = 1
configure:3268: checking whether the C compiler works
configure:3290: gcc    conftest.c  >&5
configure:3294: $? = 0
configure:3342: result: yes
configure:3345: checking for C compiler default output file name
configure:3347: result: a.out
configure:3353: checking for suffix of executables
configure:3360: gcc -o conftest    conftest.c  >&5
configure:3364: $? = 0
configure:3386: result: 
configure:3408: checking whether we are cross compiling
configure:3416: gcc -o conftest    conftest.c  >&5
configure:3420: $? = 0
configure:3427: ./conftest
configure:3431: $? = 0
configure:3419: result: no
configure:3424: checking for suffix of object files
configure:3446: gcc -c   conftest.c >&5
configure:3450: $? = 0
configure:3471: result: o
configure:3475: checking whether we are using the GNU C compiler
configure:3494: gcc -c   conftest.c >&5
configure:3494: $? = 0
configure:3503: result: yes
configure:3512: checking whether gcc accepts -g
configure:3532: gcc -c -g  conftest.c >&5
configure:3532: $? = 0
configure:3573: result: yes
configure:3590: checking for gcc option to accept ISO C89
configure:3653: gcc  -c -g -O2  conftest.c >&5
configure:3653: $? = 0
configure:3666: result: none needed
configure:3691: checking whether gcc understands -c and -o together
configure:3713: gcc -c conftest.c -o conftest2.o
configure:3716: $? = 0
configure:3713: gcc -c conftest.c -o conftest2.o
configure:3716: $? = 0
configure:3728: result: yes
configure:3748: checking whether make supports the include directive
configure:3763: make -f confmf.GNU && cat confinc.out
this is the am__doit target
configure:3766: $? = 0
configure:3785: result: yes (GNU style)
configure:3810: checking dependency style of gcc
configure:3921: result: gcc3
configure:3968: checking build system type
configure:3982: result: x86_64-pc-linux-gnu
configure:4002: checking host system type
configure:4015: result: x86_64-pc-linux-gnu
configure:4056: checking how to print strings
configure:4083: result: printf
configure:4104: checking for a sed that does not truncate output
configure:4168: result: /usr/bin/sed
configure:4186: checking for grep that handles long lines and -e
configure:4244: result: /usr/bin/grep
configure:4249: checking for egrep
configure:4311: result: /usr/bin/grep -E
configure:4316: checking for fgrep
configure:4378: result: /usr/bin/grep -F
configure:4413: checking for ld used by gcc
configure:4480: result: /usr/bin/ld
configure:4487: checking if the linker (/usr/bin/ld) is GNU ld
configure:4502: result: yes
configure:4514: checking for BSD- or MS-compatible name lister (nm)
configure:4568: result: /usr/bin/nm -B
configure:4698: checking the name lister (/usr/bin/nm -B) interface
configure:4705: gcc -c -g -O2  conftest.c >&5
configure:4708: /usr/bin/nm -B "conftest.o"
configure:4711: output
0000000000000000 B some_variable
configure:4712: result: BSD nm
configure:4715: checking whether ln -s works
configure:4719: result: yes
configure:4727: checking the maximum length of command line arguments
configure:4858: result: 1572864
configure:4906: checking how to convert x86_64-pc-linux-gnu file names to x86_64-pc-linux-gnu format
configure:4946: result: func_convert_file_noop
configure:4953: checking how to convert x86_64-pc-linux-gnu file names to toolchain format
configure:4973: result: func_convert_file_noop
configure:4980: checking for /usr/bin/ld option to reload object files
configure:4987: result: -r
configure:5061: checking for objdump
configure:5077: found /usr/bin/objdump
configure:5088: result: objdump
configure:5120: checking how to recognize dependent libraries
configure:5320: result: pass_all
configure:5405: checking for dlltool
configure:5435: result: no
configure:5465: checking how to associate runtime and link libraries
configure:5492: result: printf %s\n
configure:5553: checking for ar
configure:5569: found /usr/bin/ar
configure:5580: result: ar
configure:5617: checking for archiver @FILE support
configure:5634: gcc -c -g -O2  conftest.c >&5
configure:5634: $? = 0
configure:5637: ar cr libconftest.a @conftest.lst >&5
configure:5640: $? = 0
configure:5645: ar cr libconftest.a @conftest.lst >&5
ar: conftest.o: No such file or directory
configure:5648: $? = 1
configure:5647: result: @
configure:5705: checking for strip
configure:5721: found /usr/bin/strip
configure:5732: result: strip
configure:5804: checking for ranlib
configure:5820: found /usr/bin/ranlib
configure:5831: result: ranlib
configure:5933: checking command to parse /usr/bin/nm -B output from gcc object
configure:6086: gcc -c -g -O2  conftest.c >&5
configure:6089: $? = 0
configure:6093: /usr/bin/nm -B conftest.o | sed -n -e 's/^.*[	 ]\([ABCDGIRSTW][ABCDGIRSTW]*\)[	 ][	 ]*\([_A-Za-z][_A-Za-z0-9]*\)$/\1 \2 \2/p' | sed '/ __gnu_lto/d' > conftest.nm
configure:6159: gcc -o conftest -g -O2   conftest.c conftstm.o >&5
configure:6162: $? = 0
configure:6200: result: ok
configure:6247: checking for sysroot
configure:6277: result: no
configure:6284: checking for a working dd
configure:6322: result: /usr/bin/dd
configure:6326: checking how to truncate binary pipes
configure:6341: result: /usr/bin/dd bs=4096 count=1
configure:6477: gcc -c -g -O2  conftest.c >&5
configure:6480: $? = 0
configure:6670: checking for mt
configure:6686: found /usr/bin/mt
configure:6697: result: mt
configure:6720: checking if mt is a manifest tool
configure:6726: mt '-?'
configure:6734: result: no
configure:7411: checking how to run the C preprocessor
configure:7442: gcc -E  conftest.c
configure:7442: $? = 0
configure:7456: gcc -E  conftest.c
conftest.c:11:10: fatal error: ac_nonexistent.h: No such file or directory
   11 | #include <ac_nonexistent.h>
      |          ^~~~~~~~~~~~~~~~~~
compilation terminated.
configure:7456: $? = 1
configure: failed program was:
| /* confdefs.h */
| #define PACKAGE_NAME "wayland"
| #define PACKAGE_TARNAME "wayland"
| #define PACKAGE_VERSION "0.95.0"
| #define PACKAGE_STRING "wayland 0.95.0"
| #define PACKAGE_BUGREPORT "https://bugs.freedesktop.org/enter_bug.cgi?product=wayland"
| #define PACKAGE_URL "http://wayland.freedesktop.org/"
| #define PACKAGE "wayland"
| #define VERSION "0.95.0"
| /* end confdefs.h.  */
| #include <ac_nonexistent.h>
configure:7481: result: gcc -E
configure:7501: gcc -E  conftest.c
configure:7501: $? = 0
configure:7515: gcc -E  conftest.c
conftest.c:11:10: fatal error: ac_nonexistent.h: No such file or directory
   11 | #include <ac_nonexistent.h>
      |          ^~~~~~~~~~~~~~~~~~
compilation terminated.
configure:7515: $? = 1
configure: failed program was:
| /* confdefs.h */
| #define PACKAGE_NAME "wayland"
| #define PACKAGE_TARNAME "wayland"
| #define PACKAGE_VERSION "0.95.0"
| #define PACKAGE_STRING "wayland 0.95.0"
| #define PACKAGE_BUGREPORT "https://bugs.freedesktop.org/enter_bug.cgi?product=wayland"
| #define PACKAGE_URL "http://wayland.freedesktop.org/"
| #define PACKAGE "wayland"
| #define VERSION "0.95.0"
| /* end confdefs.h.  */
| #include <ac_nonexistent.h>
configure:7544: checking for ANSI C header files
configure:7564: gcc -c -g -O2  conftest.c >&5
configure:7564: $? = 0
configure:7637: gcc -o conftest -g -O2   conftest.c  >&5
configure:7637: $? = 0
configure:7637: ./conftest
configure:7637: $? = 0
configure:7648: result: yes
configure:7661: checking for sys/types.h
configure:7661: gcc -c -g -O2  conftest.c >&5
configure:7661: $? = 0
configure:7661: result: yes
configure:7661: checking for sys/stat.h
configure:7661: gcc -c -g -O2  conftest.c >&5
configure:7661: $? = 0
configure:7661: result: yes
configure:7661: checking for stdlib.h
configure:7661: gcc -c -g -O2  conftest.c >&5
configure:7661: $? = 0
configure:7661: result: yes
configure:7661: checking for string.h
configure:7661: gcc -c -g -O2  conftest.c >&5
configure:7661: $? = 0
configure:7661: result: yes
configure:7661: checking for memory.h
configure:7661: gcc -c -g -O2  conftest.c >&5
configure:7661: $? = 0
configure:7661: result: yes
configure:7661: checking for strings.h
configure:7661: gcc -c -g -O2  conftest.c >&5
configure:7661: $? = 0
configure:7661: result: yes
configure:7661: checking for inttypes.h
configure:7661: gcc -c -g -O2  conftest.c >&5
configure:7661: $? = 0
configure:7661: result: yes
configure:7661: checking for stdint.h
configure:7661: gcc -c -g -O2  conftest.c >&5
configure:7661: $? = 0
configure:7661: result: yes
configure:7661: checking for unistd.h
configure:7661: gcc -c -g -O2  conftest.c >&5
configure:7661: $? = 0
configure:7661: result: yes
configure:7675: checking for dlfcn.h
configure:7675: gcc -c -g -O2  conftest.c >&5
configure:7675: $? = 0
configure:7675: result: yes
configure:7931: checking for objdir
configure:7946: result: .libs
configure:8210: checking if gcc supports -fno-rtti -fno-exceptions
configure:8228: gcc -c -g -O2  -fno-rtti -fno-exceptions conftest.c >&5
cc1: warning: command line option '-fno-rtti' is valid for C++/D/ObjC++ but not for C
configure:8232: $? = 0
configure:8245: result: no
configure:8609: checking for gcc option to produce PIC
configure:8616: result: -fPIC -DPIC
configure:8624: checking if gcc PIC flag -fPIC -DPIC works
configure:8642: gcc -c -g -O2  -fPIC -DPIC -DPIC conftest.c >&5
configure:8646: $? = 0
configure:8659: result: yes
configure:8688: checking if gcc static flag -static works
configure:8716: result: yes
configure:8731: checking if gcc supports -c -o file.o
configure:8752: gcc -c -g -O2  -o out/conftest2.o conftest.c >&5
configure:8756: $? = 0
configure:8778: result: yes
configure:8786: checking if gcc supports -c -o file.o
configure:8833: result: yes
configure:8866: checking whether the gcc linker (/usr/bin/ld -m elf_x86_64) supports shared libraries
configure:10129: result: yes
configure:10166: checking whether -lc should be explicitly linked in
configure:10174: gcc -c -g -O2  conftest.c >&5
configure:10177: $? = 0
configure:10192: gcc -shared  -fPIC -DPIC conftest.o  -v -Wl,-soname -Wl,conftest -o conftest 2\>\&1 \| /usr/bin/grep  -lc  \>/dev/null 2\>\&1
configure:10195: $? = 0
configure:10209: result: no
configure:10369: checking dynamic linker characteristics
configure:10950: gcc -o conftest -g -O2   -Wl,-rpath -Wl,/foo conftest.c  >&5
configure:10950: $? = 0
configure:11199: result: GNU/Linux ld.so
configure:11321: checking how to hardcode library paths into programs
configure:11346: result: immediate
configure:11894: checking whether stripping libraries is possible
configure:11899: result: yes
configure:11934: checking if libtool supports shared libraries
configure:11936: result: yes
configure:11939: checking whether to build shared libraries
configure:11964: result: yes
configure:11967: checking whether to build static libraries
configure:11971: result: yes
configure:8839: checking for pkg-config
configure:8857: found /usr/bin/pkg-config
configure:8869: result: /usr/bin/pkg-config
configure:8894: checking pkg-config is at least version 0.9.0
configure:8897: result: yes
configure:8907: checking for FFI
configure:8914: $PKG_CONFIG --exists --print-errors "libffi"
configure:8917: $? = 0
configure:8931: $PKG_CONFIG --exists --print-errors "libffi"
configure:8934: $? = 0
configure:8992: result: yes
configure:9005: checking for accept4
configure:9005: gcc -o conftest -g -O2   conftest.c  >&5
configure:9005: $? = 0
configure:9005: result: yes
configure:9005: checking for mkostemp
configure:9005: gcc -o conftest -g -O2   conftest.c  >&5
configure:9005: $? = 0
configure:9005: result: yes
configure:9062: checking expat.h usability
configure:9062: gcc -c -g -O2  conftest.c >&5
configure:9062: $? = 0
configure:9062: result: yes
configure:9062: checking expat.h presence
configure:9062: gcc -E  conftest.c
configure:9062: $? = 0
configure:9062: result: yes
configure:9062: checking for expat.h
configure:9062: result: yes
configure:9075: checking for XML_ParserCreate in -lexpat
configure:9100: gcc -o conftest -g -O2   conftest.c -lexpat   >&5
configure:9100: $? = 0
configure:9109: result: yes
configure:9122: checking for xsltproc
configure:9140: found /usr/bin/xsltproc
configure:9152: result: /usr/bin/xsltproc
configure:9172: checking for publican
configure:9205: result: no
configure:9323: checking that generated files are newer than configure
configure:9329: result: done
configure:9364: creating ./config.status

## ---------------------- ##
## Running config.status. ##
## ---------------------- ##

This file was extended by wayland config.status 0.95.0, which was
generated by GNU Autoconf 2.69.  Invocation command line was

  CONFIG_FILES    = 
  CONFIG_HEADERS  = 
  CONFIG_LINKS    = 
  CONFIG_COMMANDS = 
  $ ./config.status 

on DESKTOP-S1J5M6R

config.status:1119: creating Makefile
config.status:1119: creating wayland-scanner.m4
config.status:1119: creating cursor/Makefile
config.status:1119: creating cursor/wayland-cursor.pc
config.status:1119: creating cursor/wayland-cursor-uninstalled.pc
config.status:1119: creating doc/Makefile
config.status:1119: creating doc/Wayland/Makefile
config.status:1119: creating src/Makefile
config.status:1119: creating src/wayland-server-uninstalled.pc
config.status:1119: creating src/wayland-client-uninstalled.pc
config.status:1119: creating src/wayland-server.pc
config.status:1119: creating src/wayland-client.pc
config.status:1119: creating src/wayland-version.h
config.status:1119: creating protocol/Makefile
config.status:1119: creating tests/Makefile
config.status:1119: creating config.h
config.status:1333: executing depfiles commands
config.status:1410: cd cursor       && sed -e '/# am--include-marker/d' Makefile         | make -f - am--depfiles
config.status:1415: $? = 0
config.status:1410: cd src       && sed -e '/# am--include-marker/d' Makefile         | make -f - am--depfiles
config.status:1415: $? = 0
config.status:1410: cd tests       && sed -e '/# am--include-marker/d' Makefile         | make -f - am--depfiles
config.status:1415: $? = 0
config.status:1333: executing libtool commands

## ---------------- ##
## Cache variables. ##
## ---------------- ##

ac_cv_build=x86_64-pc-linux-gnu
ac_cv_c_compiler_gnu=yes
ac_cv_env_CC_set=
ac_cv_env_CC_value=
ac_cv_env_CFLAGS_set=
ac_cv_env_CFLAGS_value=
ac_cv_env_CPPFLAGS_set=
ac_cv_env_CPPFLAGS_value=
ac_cv_env_CPP_set=
ac_cv_env_CPP_value=
ac_cv_env_FFI_CFLAGS_set=
ac_cv_env_FFI_CFLAGS_value=
ac_cv_env_FFI_LIBS_set=
ac_cv_env_FFI_LIBS_value=
ac_cv_env_LDFLAGS_set=
ac_cv_env_LDFLAGS_value=
ac_cv_env_LIBS_set=
ac_cv_env_LIBS_value=
ac_cv_env_LT_SYS_LIBRARY_PATH_set=
ac_cv_env_LT_SYS_LIBRARY_PATH_value=
ac_cv_env_PKG_CONFIG_LIBDIR_set=
ac_cv_env_PKG_CONFIG_LIBDIR_value=
ac_cv_env_PKG_CONFIG_PATH_set=set
ac_cv_env_PKG_CONFIG_PATH_value=:/usr/local/cross-tools/i686-w64-mingw32/lib/pkgconfig/:/mnt/e/vlc/ffmpeg_install/lib/pkgconfig/
ac_cv_env_PKG_CONFIG_set=
ac_cv_env_PKG_CONFIG_value=
ac_cv_env_build_alias_set=
ac_cv_env_build_alias_value=
ac_cv_env_host_alias_set=
ac_cv_env_host_alias_value=
ac_cv_env_target_alias_set=
ac_cv_env_target_alias_value=
ac_cv_func_accept4=yes
ac_cv_func_mkostemp=yes
ac_cv_header_dlfcn_h=yes
ac_cv_header_expat_h=yes
ac_cv_header_inttypes_h=yes
ac_cv_header_memory_h=yes
ac_cv_header_stdc=yes
ac_cv_header_stdint_h=yes
ac_cv_header_stdlib_h=yes
ac_cv_header_string_h=yes
ac_cv_header_strings_h=yes
ac_cv_header_sys_stat_h=yes
ac_cv_header_sys_types_h=yes
ac_cv_header_unistd_h=yes
ac_cv_host=x86_64-pc-linux-gnu
ac_cv_lib_expat_XML_ParserCreate=yes
ac_cv_objext=o
ac_cv_path_EGREP='/usr/bin/grep -E'
ac_cv_path_FGREP='/usr/bin/grep -F'
ac_cv_path_GREP=/usr/bin/grep
ac_cv_path_SED=/usr/bin/sed
ac_cv_path_XSLTPROC=/usr/bin/xsltproc
ac_cv_path_ac_pt_PKG_CONFIG=/usr/bin/pkg-config
ac_cv_path_install='/usr/bin/install -c'
ac_cv_path_lt_DD=/usr/bin/dd
ac_cv_path_mkdir=/usr/bin/mkdir
ac_cv_prog_AWK=gawk
ac_cv_prog_CPP='gcc -E'
ac_cv_prog_ac_ct_AR=ar
ac_cv_prog_ac_ct_CC=gcc
ac_cv_prog_ac_ct_MANIFEST_TOOL=mt
ac_cv_prog_ac_ct_OBJDUMP=objdump
ac_cv_prog_ac_ct_RANLIB=ranlib
ac_cv_prog_ac_ct_STRIP=strip
ac_cv_prog_cc_c89=
ac_cv_prog_cc_g=yes
ac_cv_prog_make_make_set=yes
am_cv_CC_dependencies_compiler_type=gcc3
am_cv_make_support_nested_variables=yes
am_cv_prog_cc_c_o=yes
lt_cv_ar_at_file=@
lt_cv_archive_cmds_need_lc=no
lt_cv_deplibs_check_method=pass_all
lt_cv_file_magic_cmd='$MAGIC_CMD'
lt_cv_file_magic_test_file=
lt_cv_ld_reload_flag=-r
lt_cv_nm_interface='BSD nm'
lt_cv_objdir=.libs
lt_cv_path_LD=/usr/bin/ld
lt_cv_path_NM='/usr/bin/nm -B'
lt_cv_path_mainfest_tool=no
lt_cv_prog_compiler_c_o=yes
lt_cv_prog_compiler_pic='-fPIC -DPIC'
lt_cv_prog_compiler_pic_works=yes
lt_cv_prog_compiler_rtti_exceptions=no
lt_cv_prog_compiler_static_works=yes
lt_cv_prog_gnu_ld=yes
lt_cv_sharedlib_from_linklib_cmd='printf %s\n'
lt_cv_shlibpath_overrides_runpath=yes
lt_cv_sys_global_symbol_pipe='sed -n -e '\''s/^.*[	 ]\([ABCDGIRSTW][ABCDGIRSTW]*\)[	 ][	 ]*\([_A-Za-z][_A-Za-z0-9]*\)$/\1 \2 \2/p'\'' | sed '\''/ __gnu_lto/d'\'''
lt_cv_sys_global_symbol_to_c_name_address='sed -n -e '\''s/^: \(.*\) .*$/  {"\1", (void *) 0},/p'\'' -e '\''s/^[ABCDGIRSTW][ABCDGIRSTW]* .* \(.*\)$/  {"\1", (void *) \&\1},/p'\'''
lt_cv_sys_global_symbol_to_c_name_address_lib_prefix='sed -n -e '\''s/^: \(.*\) .*$/  {"\1", (void *) 0},/p'\'' -e '\''s/^[ABCDGIRSTW][ABCDGIRSTW]* .* \(lib.*\)$/  {"\1", (void *) \&\1},/p'\'' -e '\''s/^[ABCDGIRSTW][ABCDGIRSTW]* .* \(.*\)$/  {"lib\1", (void *) \&\1},/p'\'''
lt_cv_sys_global_symbol_to_cdecl='sed -n -e '\''s/^T .* \(.*\)$/extern int \1();/p'\'' -e '\''s/^[ABCDGIRSTW][ABCDGIRSTW]* .* \(.*\)$/extern char \1;/p'\'''
lt_cv_sys_global_symbol_to_import=
lt_cv_sys_max_cmd_len=1572864
lt_cv_to_host_file_cmd=func_convert_file_noop
lt_cv_to_tool_file_cmd=func_convert_file_noop
lt_cv_truncate_bin='/usr/bin/dd bs=4096 count=1'
pkg_cv_FFI_CFLAGS=
pkg_cv_FFI_LIBS=-lffi

## ----------------- ##
## Output variables. ##
## ----------------- ##

ACLOCAL='${SHELL} /mnt/e/vlc/wayland/missing aclocal-1.16'
AMDEPBACKSLASH='\'
AMDEP_FALSE='#'
AMDEP_TRUE=''
AMTAR='$${TAR-tar}'
AM_BACKSLASH='\'
AM_DEFAULT_V='$(AM_DEFAULT_VERBOSITY)'
AM_DEFAULT_VERBOSITY='0'
AM_V='$(V)'
AR='ar'
AUTOCONF='${SHELL} /mnt/e/vlc/wayland/missing autoconf'
AUTOHEADER='${SHELL} /mnt/e/vlc/wayland/missing autoheader'
AUTOMAKE='${SHELL} /mnt/e/vlc/wayland/missing automake-1.16'
AWK='gawk'
CC='gcc'
CCDEPMODE='depmode=gcc3'
CFLAGS='-g -O2'
CPP='gcc -E'
CPPFLAGS=''
CYGPATH_W='echo'
DEFS='-DHAVE_CONFIG_H'
DEPDIR='.deps'
DLLTOOL='false'
DSYMUTIL=''
DUMPBIN=''
ECHO_C=''
ECHO_N='-n'
ECHO_T=''
EGREP='/usr/bin/grep -E'
ENABLE_SCANNER_FALSE='#'
ENABLE_SCANNER_TRUE=''
EXEEXT=''
EXPAT_LIBS='-lexpat'
FFI_CFLAGS=''
FFI_LIBS='-lffi'
FGREP='/usr/bin/grep -F'
GCC_CFLAGS='-Wall -Wextra -Wno-unused-parameter -g -Wstrict-prototypes -Wmissing-prototypes -fvisibility=hidden'
GREP='/usr/bin/grep'
HAVE_PUBLICAN_FALSE=''
HAVE_PUBLICAN_TRUE='#'
HAVE_XSLTPROC_FALSE='#'
HAVE_XSLTPROC_TRUE=''
ICONDIR='${datarootdir}/icons'
INSTALL_DATA='${INSTALL} -m 644'
INSTALL_PROGRAM='${INSTALL}'
INSTALL_SCRIPT='${INSTALL}'
INSTALL_STRIP_PROGRAM='$(install_sh) -c -s'
LD='/usr/bin/ld -m elf_x86_64'
LDFLAGS=''
LIBOBJS=''
LIBS=''
LIBTOOL='$(SHELL) $(top_builddir)/libtool'
LIPO=''
LN_S='ln -s'
LTLIBOBJS=''
LT_SYS_LIBRARY_PATH=''
MAKEINFO='${SHELL} /mnt/e/vlc/wayland/missing makeinfo'
MANIFEST_TOOL=':'
MKDIR_P='/usr/bin/mkdir -p'
NM='/usr/bin/nm -B'
NMEDIT=''
OBJDUMP='objdump'
OBJEXT='o'
OTOOL64=''
OTOOL=''
PACKAGE='wayland'
PACKAGE_BUGREPORT='https://bugs.freedesktop.org/enter_bug.cgi?product=wayland'
PACKAGE_NAME='wayland'
PACKAGE_STRING='wayland 0.95.0'
PACKAGE_TARNAME='wayland'
PACKAGE_URL='http://wayland.freedesktop.org/'
PACKAGE_VERSION='0.95.0'
PATH_SEPARATOR=':'
PKG_CONFIG='/usr/bin/pkg-config'
PKG_CONFIG_LIBDIR=''
PKG_CONFIG_PATH=':/usr/local/cross-tools/i686-w64-mingw32/lib/pkgconfig/:/mnt/e/vlc/ffmpeg_install/lib/pkgconfig/'
PUBLICAN=''
RANLIB='ranlib'
SED='/usr/bin/sed'
SET_MAKE=''
SHELL='/bin/bash'
STRIP='strip'
VERSION='0.95.0'
WAYLAND_VERSION='0.95.0'
WAYLAND_VERSION_MAJOR='0'
WAYLAND_VERSION_MICRO='0'
WAYLAND_VERSION_MINOR='95'
XSLTPROC='/usr/bin/xsltproc'
ac_ct_AR='ar'
ac_ct_CC='gcc'
ac_ct_DUMPBIN=''
am__EXEEXT_FALSE=''
am__EXEEXT_TRUE='#'
am__fastdepCC_FALSE='#'
am__fastdepCC_TRUE=''
am__include='include'
am__isrc=' -I$(srcdir)'
am__leading_dot='.'
am__nodep='_no'
am__quote=''
am__tar='$${TAR-tar} chof - "$$tardir"'
am__untar='$${TAR-tar} xf -'
bindir='${exec_prefix}/bin'
build='x86_64-pc-linux-gnu'
build_alias=''
build_cpu='x86_64'
build_os='linux-gnu'
build_vendor='pc'
datadir='${datarootdir}'
datarootdir='${prefix}/share'
docdir='${datarootdir}/doc/${PACKAGE_TARNAME}'
dvidir='${docdir}'
exec_prefix='${prefix}'
host='x86_64-pc-linux-gnu'
host_alias=''
host_cpu='x86_64'
host_os='linux-gnu'
host_vendor='pc'
htmldir='${docdir}'
includedir='${prefix}/include'
infodir='${datarootdir}/info'
install_sh='${SHELL} /mnt/e/vlc/wayland/install-sh'
libdir='${exec_prefix}/lib'
libexecdir='${exec_prefix}/libexec'
localedir='${datarootdir}/locale'
localstatedir='${prefix}/var'
mandir='${datarootdir}/man'
mkdir_p='$(MKDIR_P)'
oldincludedir='/usr/include'
pdfdir='${docdir}'
prefix='/usr'
program_transform_name='s,x,x,'
psdir='${docdir}'
runstatedir='${localstatedir}/run'
sbindir='${exec_prefix}/sbin'
sharedstatedir='${prefix}/com'
sysconfdir='${prefix}/etc'
target_alias=''

## ----------- ##
## confdefs.h. ##
## ----------- ##

/* confdefs.h */
#define PACKAGE_NAME "wayland"
#define PACKAGE_TARNAME "wayland"
#define PACKAGE_VERSION "0.95.0"
#define PACKAGE_STRING "wayland 0.95.0"
#define PACKAGE_BUGREPORT "https://bugs.freedesktop.org/enter_bug.cgi?product=wayland"
#define PACKAGE_URL "http://wayland.freedesktop.org/"
#define PACKAGE "wayland"
#define VERSION "0.95.0"
#define STDC_HEADERS 1
#define HAVE_SYS_TYPES_H 1
#define HAVE_SYS_STAT_H 1
#define HAVE_STDLIB_H 1
#define HAVE_STRING_H 1
#define HAVE_MEMORY_H 1
#define HAVE_STRINGS_H 1
#define HAVE_INTTYPES_H 1
#define HAVE_STDINT_H 1
#define HAVE_UNISTD_H 1
#define HAVE_DLFCN_H 1
#define LT_OBJDIR ".libs/"
#define HAVE_ACCEPT4 1
#define HAVE_MKOSTEMP 1
#define HAVE_EXPAT_H 1
#define HAVE_EXPAT_H 1

configure: exit 0
